2026-02-12 17:42:07,863 - root - INFO - 스타일시트 적용 완료: C:\Users\parkgm1666\Desktop\Code\resources\style.qss
2026-02-12 17:42:08,526 - root - INFO - KISP Settings Manager 시작됨
2026-02-12 17:43:46,596 - root - INFO - 스타일시트 적용 완료: C:\Users\parkgm1666\Desktop\Code\resources\style.qss
2026-02-12 17:43:47,141 - root - INFO - KISP Settings Manager 시작됨
2026-02-12 17:43:57,761 - root - INFO - 스타일시트 적용 완료: C:\Users\parkgm1666\Desktop\Code\resources\style.qss
2026-02-12 17:43:58,226 - root - INFO - KISP Settings Manager 시작됨
2026-02-12 17:44:26,927 - root - INFO - 스타일시트 적용 완료: C:\Users\parkgm1666\Desktop\Code\resources\style.qss
2026-02-12 17:44:27,394 - root - INFO - KISP Settings Manager 시작됨
2026-02-12 17:45:16,620 - root - INFO - 스타일시트 적용 완료: C:\Users\parkgm1666\Desktop\Code\resources\style.qss
2026-02-12 17:45:17,144 - root - INFO - KISP Settings Manager 시작됨
2026-02-12 17:50:54,701 - root - INFO - 스타일시트 적용 완료: C:\Users\parkgm1666\Desktop\Code\resources\style.qss
2026-02-12 17:50:55,177 - root - INFO - KISP Settings Manager 시작됨
2026-02-12 18:04:41,047 - root - INFO - 스타일시트 적용 완료: C:\Users\parkgm1666\Desktop\Code\resources\style.qss
2026-02-12 18:04:41,546 - root - INFO - KISP Settings Manager 시작됨
2026-02-12 18:14:53,050 - root - INFO - 스타일시트 적용 완료: C:\Users\parkgm1666\Desktop\Code\resources\style.qss
2026-02-12 18:14:53,584 - root - INFO - KISP Settings Manager 시작됨
2026-02-12 18:18:24,434 - root - INFO - 스타일시트 적용 완료: C:\Users\parkgm1666\Desktop\Code\resources\style.qss
2026-02-12 18:18:25,078 - root - INFO - KISP Settings Manager 시작됨
2026-02-13 10:29:52,957 - root - INFO - 스타일시트 적용 완료: C:\Users\parkgm1666\Desktop\Code\resources\style.qss
2026-02-13 10:29:54,306 - root - INFO - KISP Settings Manager 시작됨
2026-02-13 10:34:13,968 - root - INFO - 스타일시트 적용 완료: C:\Users\parkgm1666\Desktop\Code\resources\style.qss
2026-02-13 10:34:14,451 - root - INFO - KISP Settings Manager 시작됨
2026-02-13 10:35:53,052 - root - INFO - 스타일시트 적용 완료: C:\Users\parkgm1666\Desktop\Code\resources\style.qss
2026-02-13 10:35:53,532 - root - INFO - KISP Settings Manager 시작됨
2026-02-13 10:49:29,524 - root - INFO - 스타일시트 적용 완료: C:\Users\parkgm1666\Desktop\Code\resources\style.qss
2026-02-13 10:49:30,134 - root - INFO - KISP Settings Manager 시작됨
2026-02-13 10:50:00,164 - root - INFO - 스타일시트 적용 완료: C:\Users\parkgm1666\Desktop\Code\resources\style.qss
2026-02-13 10:50:00,609 - root - INFO - KISP Settings Manager 시작됨
2026-02-13 13:05:13,050 - root - INFO - 스타일시트 적용 완료: C:\Users\parkgm1666\Desktop\Code\resources\style.qss
2026-02-13 13:05:13,585 - root - CRITICAL - 애플리케이션 실행 중 치명적 오류 발생: 'ClipboardTable' object has no attribute '_show_context_menu'
Traceback (most recent call last):
  File "C:\Users\parkgm1666\Desktop\Code\main.py", line 65, in main
    window = MainWindow()
             ^^^^^^^^^^^^
  File "C:\Users\parkgm1666\Desktop\Code\gui\main_window.py", line 19, in __init__
    self.init_ui()
  File "C:\Users\parkgm1666\Desktop\Code\gui\main_window.py", line 62, in init_ui
    self.add_menu("폴더 관리", "fa5s.folder", FolderManagementTab())
                                              ^^^^^^^^^^^^^^^^^^^^^
  File "C:\Users\parkgm1666\Desktop\Code\modules\folder_management.py", line 31, in __init__
    self.init_ui()
  File "C:\Users\parkgm1666\Desktop\Code\modules\folder_management.py", line 34, in init_ui
    self.creator_tab = FolderCreatorTab()
                       ^^^^^^^^^^^^^^^^^^
  File "C:\Users\parkgm1666\Desktop\Code\modules\folder_management.py", line 51, in __init__
    self.init_ui()
  File "C:\Users\parkgm1666\Desktop\Code\modules\folder_management.py", line 97, in init_ui
    self.table = ClipboardTable(
                 ^^^^^^^^^^^^^^^
  File "C:\Users\parkgm1666\Desktop\Code\common\components\table.py", line 26, in __init__
    self.customContextMenuRequested.connect(self._show_context_menu)
                                            ^^^^^^^^^^^^^^^^^^^^^^^
AttributeError: 'ClipboardTable' object has no attribute '_show_context_menu'
2026-02-13 13:33:26,785 - root - INFO - 스타일시트 적용 완료: C:\Users\parkgm1666\Desktop\Code\resources\style.qss
2026-02-13 13:33:27,409 - root - INFO - KISP Settings Manager 시작됨
2026-02-13 13:39:14,817 - root - INFO - 스타일시트 적용 완료: C:\Users\parkgm1666\Desktop\Code\resources\style.qss
2026-02-13 13:39:15,280 - root - INFO - KISP Settings Manager 시작됨
2026-02-13 13:39:29,627 - root - INFO - 스타일시트 적용 완료: C:\Users\parkgm1666\Desktop\Code\resources\style.qss
2026-02-13 13:39:30,079 - root - INFO - KISP Settings Manager 시작됨
2026-02-13 13:40:13,749 - root - WARNING - 스타일시트 파일을 찾을 수 없습니다: C:\Users\parkgm1666\Desktop\Code\resources\style.qss
2026-02-13 13:40:13,897 - root - INFO - KISP Settings Manager 시작됨
2026-02-13 13:40:38,054 - root - WARNING - 스타일시트 파일을 찾을 수 없습니다: C:\Users\parkgm1666\Desktop\Code\resources\style.qss
2026-02-13 13:40:38,187 - root - INFO - KISP Settings Manager 시작됨
2026-02-13 13:41:01,078 - root - WARNING - 스타일시트 파일을 찾을 수 없습니다: C:\Users\parkgm1666\Desktop\Code\resources\style.qss
2026-02-13 13:41:01,213 - root - INFO - KISP Settings Manager 시작됨
2026-02-13 13:41:15,349 - root - WARNING - 스타일시트 파일을 찾을 수 없습니다: C:\Users\parkgm1666\Desktop\Code\resources\style.qss
2026-02-13 13:41:15,481 - root - INFO - KISP Settings Manager 시작됨
2026-02-13 13:42:47,899 - root - INFO - 스타일시트 적용 완료: C:\Users\parkgm1666\Desktop\Code\gui\style.qss
2026-02-13 13:42:48,329 - root - INFO - KISP Settings Manager 시작됨
2026-02-13 17:44:49,695 - root - INFO - 시스템 트레이 모드 활성화
2026-02-13 17:44:49,696 - root - WARNING - 스타일시트 파일을 찾을 수 없습니다: C:\Users\parkgm1666\Desktop\Code\resources\style.qss
2026-02-13 17:44:50,209 - root - INFO - 창으로 시작
2026-02-13 17:44:50,317 - root - INFO - KISP Settings Manager 시작됨
2026-02-13 17:45:56,692 - root - CRITICAL - Uncaught exception:
TypeError: unable to convert a C++ 'QSystemTrayIcon::ActivationReason' instance to a Python object
2026-02-13 17:46:10,197 - root - INFO - 시스템 트레이 모드 활성화
2026-02-13 17:46:10,198 - root - INFO - 스타일시트 적용 완료: C:\Users\parkgm1666\Desktop\Code\gui\style.qss
2026-02-13 17:46:10,615 - root - INFO - 창으로 시작
2026-02-13 17:46:10,704 - root - INFO - KISP Settings Manager 시작됨
2026-02-13 17:56:42,120 - root - INFO - 시스템 트레이 모드 활성화
2026-02-13 17:56:42,121 - root - INFO - 스타일시트 적용 완료: C:\Users\parkgm1666\Desktop\Code\gui\style.qss
2026-02-13 17:56:42,540 - root - INFO - 창으로 시작
2026-02-13 17:56:42,642 - root - INFO - KISP Settings Manager 시작됨
2026-02-13 17:58:53,431 - root - INFO - 시스템 트레이 모드 활성화
2026-02-13 17:58:53,432 - root - INFO - 스타일시트 적용 완료: C:\Users\parkgm1666\Desktop\Code\gui\style.qss
2026-02-13 17:58:53,878 - root - INFO - 창으로 시작
2026-02-13 17:58:53,970 - root - INFO - KISP Settings Manager 시작됨
2026-02-13 18:00:18,103 - root - INFO - 시스템 트레이 모드 활성화
2026-02-13 18:00:18,105 - root - INFO - 스타일시트 적용 완료: C:\Users\parkgm1666\Desktop\Code\gui\style.qss
2026-02-13 18:00:18,528 - root - INFO - 창으로 시작
2026-02-13 18:00:18,616 - root - INFO - KISP Settings Manager 시작됨
